<?xml version="1.0" encoding="UTF-8"?>
<testsuite xmlns:xsi="http://www.w3.org/2001/XMLSchema-instance" xsi:noNamespaceSchemaLocation="https://maven.apache.org/surefire/maven-surefire-plugin/xsd/surefire-test-report-3.0.xsd" version="3.0" name="com.tus.logistics.service.ShipmentServiceTest" time="4.024" tests="8" errors="0" skipped="0" failures="0">
  <properties>
[...]
</properties>
  <testcase name="testDispatchShipment_NullShipment" classname="com.tus.logistics.service.ShipmentServiceTest" time="3.684"/>
  <testcase name="testDispatchShipment_Success" classname="com.tus.logistics.service.ShipmentServiceTest" time="0.09"/>
  <testcase name="testDispatchShipment_AlreadyDispatched" classname="com.tus.logistics.service.ShipmentServiceTest" time="0.01"/>
  <testcase name="testDispatchShipment_LongTrackingNumber" classname="com.tus.logistics.service.ShipmentServiceTest" time="0.005"/>
  <testcase name="testDispatchShipment_Failed_InvalidAddress" classname="com.tus.logistics.service.ShipmentServiceTest" time="0.005"/>
  <testcase name="testDispatchShipment_EmptyTrackingNumber" classname="com.tus.logistics.service.ShipmentServiceTest" time="0.007"/>
  <testcase name="testDispatchShipment_VerifyNotificationSent" classname="com.tus.logistics.service.ShipmentServiceTest" time="0.005"/>
  <testcase name="testDispatchShipment_VerifyRepositorySave" classname="com.tus.logistics.service.ShipmentServiceTest" time="0.007"/>
</testsuite>